<component name="libraryTable">
  <library name="junit-4.9 (2)">
    <CLASSES>
      <root url="jar://$PROJECT_DIR$/JDBC高级/libs/junit-4.9.jar!/" />
      <root url="jar://$PROJECT_DIR$/JDBC高级/libs/mysql-connector-java-8.0.18.jar!/" />
    </CLASSES>
    <JAVADOC />
    <SOURCES />
  </library>
</component>